\BOOKMARK [1][-]{section.1}{\376\377\000I\000n\000t\000r\000o\000d\000u\000c\000t\000i\000o\000n}{}% 1
\BOOKMARK [2][-]{subsection.1.1}{\376\377\000C\000o\000n\000t\000r\000i\000b\000u\000t\000i\000o\000n\000s}{section.1}% 2
\BOOKMARK [2][-]{subsection.1.2}{\376\377\000S\000t\000r\000u\000c\000t\000u\000r\000e\000\040\000o\000f\000\040\000t\000h\000e\000\040\000r\000e\000p\000o\000r\000t}{section.1}% 3
\BOOKMARK [1][-]{section.2}{\376\377\000S\000t\000a\000t\000e\000\040\000o\000f\000\040\000t\000h\000e\000\040\000A\000r\000t}{}% 4
\BOOKMARK [2][-]{subsection.2.1}{\376\377\000O\000p\000e\000n\000S\000t\000r\000e\000e\000t\000M\000a\000p\040\023\000B\000a\000s\000e\000d\000\040\000F\000r\000a\000m\000e\000w\000o\000r\000k\000s}{section.2}% 5
\BOOKMARK [3][-]{subsubsection.2.1.1}{\376\377\000O\000S\000M\000B\000u\000i\000l\000d\000i\000n\000g\000s}{subsection.2.1}% 6
\BOOKMARK [3][-]{subsubsection.2.1.2}{\376\377\000F\0004\000\040\000M\000a\000p}{subsection.2.1}% 7
\BOOKMARK [3][-]{subsubsection.2.1.3}{\376\377\000V\000i\000z\000i\000C\000i\000t\000i\000e\000s}{subsection.2.1}% 8
\BOOKMARK [2][-]{subsection.2.2}{\376\377\000C\000e\000s\000i\000u\000m}{section.2}% 9
\BOOKMARK [2][-]{subsection.2.3}{\376\377\000S\000w\000i\000s\000s\000\040\000G\000e\000o\000s\000p\000a\000t\000i\000a\000l\000\040\000P\000o\000r\000t\000a\000l\000\040\000U\000s\000i\000n\000g\000\040\0003\000D\000\040\000T\000i\000l\000e\000s}{section.2}% 10
\BOOKMARK [1][-]{section.3}{\376\377\000S\000m\000a\000r\000t\040\023\000I\000V\000C}{}% 11
\BOOKMARK [2][-]{subsection.3.1}{\376\377\000E\000n\000v\000i\000r\000o\000n\000m\000e\000n\000t\000\040\000a\000n\000d\000\040\000F\000r\000a\000m\000e\000w\000o\000r\000k\000s}{section.3}% 12
\BOOKMARK [2][-]{subsection.3.2}{\376\377\000T\000h\000e\000\040\000O\000v\000e\000r\000a\000l\000l\000\040\000S\000t\000r\000u\000c\000t\000u\000r\000e}{section.3}% 13
\BOOKMARK [2][-]{subsection.3.3}{\376\377\000S\000e\000r\000v\000e\000r\000\040\000S\000i\000d\000e}{section.3}% 14
\BOOKMARK [3][-]{subsubsection.3.3.1}{\376\377\000M\000o\000d\000e\000l\000s}{subsection.3.3}% 15
\BOOKMARK [3][-]{subsubsection.3.3.2}{\376\377\000P\000a\000r\000s\000e\000r}{subsection.3.3}% 16
\BOOKMARK [3][-]{subsubsection.3.3.3}{\376\377\000C\000r\000o\000n\000\040\000J\000o\000b\000s}{subsection.3.3}% 17
\BOOKMARK [3][-]{subsubsection.3.3.4}{\376\377\000C\000o\000n\000t\000r\000o\000l\000l\000e\000r\000s}{subsection.3.3}% 18
\BOOKMARK [2][-]{subsection.3.4}{\376\377\000C\000l\000i\000e\000n\000t\000\040\000S\000i\000d\000e}{section.3}% 19
\BOOKMARK [3][-]{subsubsection.3.4.1}{\376\377\000T\000h\000e\000\040\000f\000i\000r\000s\000t\000\040\000A\000t\000t\000e\000m\000p\000t\000:\000\040\000B\000a\000b\000y\000l\000o\000n\000.\000j\000s}{subsection.3.4}% 20
\BOOKMARK [3][-]{subsubsection.3.4.2}{\376\377\000T\000h\000e\000\040\000f\000i\000n\000a\000l\000\040\000v\000e\000r\000s\000i\000o\000n\000:\000\040\000C\000e\000s\000i\000u\000m\000.\000j\000s}{subsection.3.4}% 21
\BOOKMARK [3][-]{subsubsection.3.4.3}{\376\377\000T\000h\000e\000\040\000S\000i\000d\000e\000\040\000M\000e\000n\000u\000\040\000a\000n\000d\000\040\000T\000h\000e\000\040\000Q\000u\000e\000r\000y\000\040\000B\000u\000i\000l\000d\000e\000r}{subsection.3.4}% 22
\BOOKMARK [3][-]{subsubsection.3.4.4}{\376\377\000C\000e\000s\000i\000u\000m\000\040\000F\000r\000a\000m\000e\000w\000o\000r\000k}{subsection.3.4}% 23
\BOOKMARK [1][-]{section.4}{\376\377\000U\000s\000e\000\040\000C\000a\000s\000e\000s}{}% 24
\BOOKMARK [2][-]{subsection.4.1}{\376\377\000A\000c\000c\000e\000s\000s\000\040\000i\000n\000f\000o\000r\000m\000a\000t\000i\000o\000n}{section.4}% 25
\BOOKMARK [2][-]{subsection.4.2}{\376\377\000V\000i\000s\000u\000a\000l\000i\000z\000e\000\040\000t\000h\000e\000\040\000C\000i\000t\000y}{section.4}% 26
\BOOKMARK [2][-]{subsection.4.3}{\376\377\000T\000h\000e\000\040\000Q\000u\000e\000r\000y\000\040\000S\000y\000s\000t\000e\000m}{section.4}% 27
\BOOKMARK [3][-]{subsubsection.4.3.1}{\376\377\000B\000u\000i\000l\000d\000i\000n\000g\000\040\000S\000e\000l\000e\000c\000t\000i\000o\000n}{subsection.4.3}% 28
\BOOKMARK [3][-]{subsubsection.4.3.2}{\376\377\000C\000i\000t\000y\000\040\000G\000r\000a\000d\000i\000e\000n\000t\000\040\000M\000a\000p}{subsection.4.3}% 29
\BOOKMARK [1][-]{section.5}{\376\377\000C\000o\000n\000c\000l\000u\000s\000i\000o\000n\000s\000\040\000a\000n\000d\000\040\000f\000u\000t\000u\000r\000e\000\040\000w\000o\000r\000k\000\040\000o\000r\000\040\000p\000o\000s\000s\000i\000b\000l\000e\000\040\000d\000e\000v\000e\000l\000o\000p\000m\000e\000n\000t\000s}{}% 30
\BOOKMARK [2][-]{subsection.5.1}{\376\377\000S\000u\000m\000m\000a\000r\000y}{section.5}% 31
\BOOKMARK [2][-]{subsection.5.2}{\376\377\000F\000u\000t\000u\000r\000e\000\040\000W\000o\000r\000k}{section.5}% 32
